./src/push_swap.c:10: MINOR:C-L4
./src/push_swap.c:19: MINOR:C-L3
./src/push_swap.c:28: MINOR:C-G7
./src/push_swap.c:29: MINOR:C-G7
./src/push_swap.c:31: MAJOR:C-F4
./src/push_swap.c:32: MAJOR:C-F4
./src/push_swap.c:33: MAJOR:C-F4
./src/push_swap.c:34: MAJOR:C-F4
./src/push_swap.c:35: MAJOR:C-F4
./src/push_swap.c:38: MAJOR:C-F6
./src/push_swap.c:38: MINOR:C-L4
./src/push_swap.c:41: MAJOR:C-F6
./src/push_swap.c:41: MINOR:C-G2
./src/push_swap.c:41: MINOR:C-L4
./src/push_swap.c:44: MAJOR:C-F6
./src/push_swap.c:44: MINOR:C-G2
./src/push_swap.c:44: MINOR:C-L4
./src/push_swap.c:47: MAJOR:C-F6
./src/push_swap.c:47: MINOR:C-G2
./src/push_swap.c:47: MINOR:C-L4
./src/push_swap.c:50: MAJOR:C-F6
./src/push_swap.c:50: MINOR:C-G2
./src/push_swap.c:50: MINOR:C-L4
./src/push_swap.c:50: MAJOR:C-O3
./src/push_swap.c:53: MAJOR:C-F6
./src/push_swap.c:53: MINOR:C-G2
./src/push_swap.c:53: MINOR:C-L4
./src/push_swap.c:53: MAJOR:C-O3
./src/push_swap.c:55: INFO:C-A3
